<?xml version="1.0" encoding="UTF-8"?>
<!-- Generated by org.testng.reporters.JUnitReportReporter -->
<testsuite hostname="Sam" failures="0" tests="2" name="samLearning.SeleniumFrameworkDesign.Tests.ErrorValidationsTest" time="12.244" errors="0" timestamp="2024-07-12T18:58:30 EDT" skipped="0">
  <testcase classname="samLearning.SeleniumFrameworkDesign.Tests.ErrorValidationsTest" name="errorValidation" time="4.916"/>
  <testcase classname="samLearning.SeleniumFrameworkDesign.Tests.ErrorValidationsTest" name="productErrorValidation" time="7.328"/>
</testsuite> <!-- samLearning.SeleniumFrameworkDesign.Tests.ErrorValidationsTest -->
