<?xml version="1.0" encoding="UTF-8"?>
<!-- Generated by org.testng.reporters.JUnitReportReporter -->
<testsuite hostname="Sam" failures="0" tests="2" name="samLearning.SeleniumFrameworkDesign.Tests.ErrorValidations" time="12.272" errors="0" timestamp="2024-07-11T21:31:56 EDT" skipped="0">
  <testcase classname="samLearning.SeleniumFrameworkDesign.Tests.ErrorValidations" name="productErrorValidation" time="7.533"/>
  <testcase classname="samLearning.SeleniumFrameworkDesign.Tests.ErrorValidations" name="errorValidation" time="4.739"/>
</testsuite> <!-- samLearning.SeleniumFrameworkDesign.Tests.ErrorValidations -->
