<?xml version="1.0" encoding="UTF-8"?>
<!-- Generated by org.testng.reporters.JUnitReportReporter -->
<testsuite hostname="Sam" failures="0" tests="3" name="samLearning.SeleniumFrameworkDesign.Tests.SubmitOrderTest" time="21.627" errors="0" timestamp="2024-07-12T18:58:30 EDT" skipped="0">
  <testcase classname="samLearning.SeleniumFrameworkDesign.Tests.SubmitOrderTest" name="submitOrder" time="8.262"/>
  <testcase classname="samLearning.SeleniumFrameworkDesign.Tests.SubmitOrderTest" name="submitOrder" time="8.410"/>
  <testcase classname="samLearning.SeleniumFrameworkDesign.Tests.SubmitOrderTest" name="orderHistoryTest" time="4.955"/>
</testsuite> <!-- samLearning.SeleniumFrameworkDesign.Tests.SubmitOrderTest -->
