<?xml version="1.0" encoding="UTF-8"?>
<!-- Generated by org.testng.reporters.JUnitReportReporter -->
<testsuite hostname="Sam" failures="0" tests="3" name="samLearning.SeleniumFrameworkDesign.Tests.SubmitOrderTest" time="24.131" errors="0" timestamp="2024-07-14T01:46:45 EDT" skipped="0">
  <testcase classname="samLearning.SeleniumFrameworkDesign.Tests.SubmitOrderTest" name="submitOrder" time="8.278"/>
  <testcase classname="samLearning.SeleniumFrameworkDesign.Tests.SubmitOrderTest" name="orderHistoryTest" time="7.818"/>
  <testcase classname="samLearning.SeleniumFrameworkDesign.Tests.SubmitOrderTest" name="submitOrder" time="8.035"/>
</testsuite> <!-- samLearning.SeleniumFrameworkDesign.Tests.SubmitOrderTest -->
