<?xml version="1.0" encoding="UTF-8"?>
<!-- Generated by org.testng.reporters.JUnitReportReporter -->
<testsuite hostname="Sam" failures="0" tests="2" name="samLearning.SeleniumFrameworkDesign.Tests.ErrorValidationsTest" time="14.550" errors="0" timestamp="2024-07-14T01:46:45 EDT" skipped="0">
  <testcase classname="samLearning.SeleniumFrameworkDesign.Tests.ErrorValidationsTest" name="errorValidation" time="7.471"/>
  <testcase classname="samLearning.SeleniumFrameworkDesign.Tests.ErrorValidationsTest" name="productErrorValidation" time="7.079"/>
</testsuite> <!-- samLearning.SeleniumFrameworkDesign.Tests.ErrorValidationsTest -->
